::1 Wed, 18 Jan 2023 17:00:13 +0000
::1 Wed, 18 Jan 2023 17:00:33 +0000
::1 Wed, 18 Jan 2023 17:05:20 +0000
::1 Wed, 18 Jan 2023 17:05:29 +0000
::1 Wed, 18 Jan 2023 17:08:38 +0000
::1 Wed, 18 Jan 2023 17:09:32 +0000
::1 Wed, 18 Jan 2023 17:09:42 +0000
::1 Wed, 18 Jan 2023 17:12:06 +0000
::1 Thu, 19 Jan 2023 01:43:06 +0000
::1 Thu, 19 Jan 2023 14:12:20 +0000
::1 Thu, 19 Jan 2023 14:27:09 +0000
::1 Thu, 19 Jan 2023 14:27:11 +0000
::1 Thu, 19 Jan 2023 14:28:34 +0000
::1 Thu, 19 Jan 2023 14:28:42 +0000
::1 Thu, 19 Jan 2023 14:30:18 +0000
::1 Thu, 19 Jan 2023 14:31:26 +0000
::1 Thu, 19 Jan 2023 14:35:16 +0000
::1 Thu, 19 Jan 2023 14:38:30 +0000
::1 Thu, 19 Jan 2023 14:40:13 +0000
::1 Thu, 19 Jan 2023 14:40:37 +0000
::1 Thu, 19 Jan 2023 14:50:57 +0000
::1 Thu, 19 Jan 2023 14:52:15 +0000
::1 Thu, 19 Jan 2023 14:56:52 +0000
::1 Thu, 19 Jan 2023 15:01:06 +0000
::1 Thu, 19 Jan 2023 15:04:15 +0000
::1 Thu, 19 Jan 2023 15:05:27 +0000
::1 Thu, 19 Jan 2023 15:06:30 +0000
::1 Thu, 19 Jan 2023 15:08:14 +0000
::1 Thu, 19 Jan 2023 15:09:21 +0000
::1 Thu, 19 Jan 2023 15:10:07 +0000
::1 Thu, 19 Jan 2023 15:10:49 +0000
::1 Thu, 19 Jan 2023 15:10:59 +0000
::1 Thu, 19 Jan 2023 15:14:57 +0000
::1 Thu, 19 Jan 2023 15:15:46 +0000
::1 Thu, 19 Jan 2023 15:16:27 +0000
::1 Thu, 19 Jan 2023 15:17:43 +0000
::1 Thu, 19 Jan 2023 15:18:25 +0000
::1 Thu, 19 Jan 2023 15:18:25 +0000
::1 Thu, 19 Jan 2023 15:18:25 +0000
::1 Thu, 19 Jan 2023 15:18:25 +0000
::1 Thu, 19 Jan 2023 15:18:26 +0000
::1 Thu, 19 Jan 2023 15:18:27 +0000
::1 Thu, 19 Jan 2023 15:18:29 +0000
::1 Thu, 19 Jan 2023 15:19:23 +0000
::1 Thu, 19 Jan 2023 15:19:35 +0000
::1 Thu, 19 Jan 2023 15:20:13 +0000
::1 Thu, 19 Jan 2023 15:23:08 +0000
::1 Thu, 19 Jan 2023 15:23:19 +0000
::1 Thu, 19 Jan 2023 15:23:49 +0000
::1 Thu, 19 Jan 2023 15:24:38 +0000
::1 Thu, 19 Jan 2023 15:25:22 +0000
::1 Thu, 19 Jan 2023 15:25:35 +0000
::1 Thu, 19 Jan 2023 15:29:04 +0000
::1 Thu, 19 Jan 2023 15:29:23 +0000
::1 Thu, 19 Jan 2023 15:30:36 +0000
::1 Thu, 19 Jan 2023 15:36:02 +0000
::1 Thu, 19 Jan 2023 15:37:57 +0000
::1 Thu, 19 Jan 2023 15:42:37 +0000
::1 Thu, 19 Jan 2023 15:45:25 +0000
::1 Thu, 19 Jan 2023 15:45:52 +0000
::1 Thu, 19 Jan 2023 15:52:22 +0000
::1 Thu, 19 Jan 2023 16:33:14 +0000
::1 Thu, 19 Jan 2023 17:02:57 +0000
::1 Thu, 19 Jan 2023 17:02:57 +0000
::1 Thu, 19 Jan 2023 17:02:58 +0000
::1 Thu, 19 Jan 2023 17:03:09 +0000
::1 Thu, 19 Jan 2023 17:07:34 +0000
::1 Thu, 19 Jan 2023 17:38:39 +0000
::1 Thu, 19 Jan 2023 17:38:48 +0000
::1 Thu, 19 Jan 2023 17:41:52 +0000
::1 Thu, 19 Jan 2023 17:43:03 +0000
::1 Thu, 19 Jan 2023 17:43:05 +0000
::1 Thu, 19 Jan 2023 17:43:05 +0000
::1 Thu, 19 Jan 2023 17:43:06 +0000
::1 Thu, 19 Jan 2023 17:43:12 +0000
::1 Thu, 19 Jan 2023 17:43:13 +0000
::1 Thu, 19 Jan 2023 17:43:46 +0000
::1 Thu, 19 Jan 2023 17:43:48 +0000
::1 Thu, 19 Jan 2023 17:44:23 +0000
::1 Thu, 19 Jan 2023 17:44:34 +0000
::1 Thu, 19 Jan 2023 17:45:13 +0000
::1 Thu, 19 Jan 2023 17:47:56 +0000
::1 Thu, 19 Jan 2023 17:48:16 +0000
::1 Thu, 19 Jan 2023 17:49:49 +0000
::1 Thu, 19 Jan 2023 17:50:17 +0000
::1 Thu, 19 Jan 2023 17:50:25 +0000
::1 Thu, 19 Jan 2023 18:46:47 +0000
::1 Thu, 19 Jan 2023 18:48:17 +0000
::1 Thu, 19 Jan 2023 18:48:29 +0000
::1 Thu, 19 Jan 2023 18:49:26 +0000
::1 Thu, 19 Jan 2023 18:50:50 +0000
::1 Thu, 19 Jan 2023 18:51:00 +0000
::1 Thu, 19 Jan 2023 18:53:02 +0000
::1 Thu, 19 Jan 2023 18:54:56 +0000
::1 Thu, 19 Jan 2023 18:55:53 +0000
::1 Thu, 19 Jan 2023 18:56:15 +0000
::1 Thu, 19 Jan 2023 19:28:46 +0000
::1 Thu, 19 Jan 2023 19:29:10 +0000
::1 Thu, 19 Jan 2023 19:31:03 +0000
::1 Thu, 19 Jan 2023 19:33:09 +0000
::1 Thu, 19 Jan 2023 19:33:25 +0000
::1 Thu, 19 Jan 2023 19:36:32 +0000
::1 Fri, 20 Jan 2023 00:34:26 +0000
::1 Fri, 20 Jan 2023 00:37:30 +0000
::1 Fri, 20 Jan 2023 00:37:37 +0000
::1 Fri, 20 Jan 2023 00:40:41 +0000
::1 Fri, 20 Jan 2023 00:41:05 +0000
::1 Fri, 20 Jan 2023 00:43:17 +0000
::1 Fri, 20 Jan 2023 00:44:30 +0000
::1 Fri, 20 Jan 2023 00:48:07 +0000
::1 Fri, 20 Jan 2023 00:50:48 +0000
::1 Fri, 20 Jan 2023 00:53:04 +0000
::1 Fri, 20 Jan 2023 00:55:52 +0000
::1 Fri, 20 Jan 2023 00:59:24 +0000
::1 Fri, 20 Jan 2023 01:00:37 +0000
::1 Fri, 20 Jan 2023 01:01:33 +0000
::1 Fri, 20 Jan 2023 01:04:40 +0000
::1 Fri, 20 Jan 2023 01:04:46 +0000
::1 Fri, 20 Jan 2023 01:04:50 +0000
::1 Fri, 20 Jan 2023 01:04:56 +0000
::1 Fri, 20 Jan 2023 01:07:20 +0000
::1 Fri, 20 Jan 2023 01:07:55 +0000
::1 Fri, 20 Jan 2023 01:12:30 +0000
::1 Fri, 20 Jan 2023 01:16:38 +0000
::1 Fri, 20 Jan 2023 01:21:11 +0000
::1 Fri, 20 Jan 2023 01:22:09 +0000
::1 Fri, 20 Jan 2023 01:23:46 +0000
::1 Fri, 20 Jan 2023 01:24:15 +0000
::1 Fri, 20 Jan 2023 01:25:42 +0000
::1 Fri, 20 Jan 2023 01:26:14 +0000
::1 Fri, 20 Jan 2023 01:26:46 +0000
::1 Fri, 20 Jan 2023 01:28:15 +0000
::1 Fri, 20 Jan 2023 01:29:25 +0000
::1 Fri, 20 Jan 2023 01:30:57 +0000
::1 Fri, 20 Jan 2023 01:31:07 +0000
::1 Fri, 20 Jan 2023 01:32:01 +0000
::1 Fri, 20 Jan 2023 01:32:18 +0000
::1 Fri, 20 Jan 2023 01:32:23 +0000
::1 Fri, 20 Jan 2023 01:32:25 +0000
::1 Fri, 20 Jan 2023 01:32:30 +0000
::1 Fri, 20 Jan 2023 01:33:40 +0000
::1 Fri, 20 Jan 2023 01:37:24 +0000
::1 Fri, 20 Jan 2023 01:37:32 +0000
::1 Fri, 20 Jan 2023 14:23:01 +0000
::1 Fri, 20 Jan 2023 14:42:37 +0000
::1 Fri, 20 Jan 2023 14:42:46 +0000
::1 Fri, 20 Jan 2023 14:42:58 +0000
::1 Fri, 20 Jan 2023 14:42:58 +0000
::1 Fri, 20 Jan 2023 14:42:59 +0000
::1 Fri, 20 Jan 2023 14:42:59 +0000
::1 Fri, 20 Jan 2023 14:42:59 +0000
::1 Fri, 20 Jan 2023 14:42:59 +0000
::1 Fri, 20 Jan 2023 14:43:00 +0000
::1 Fri, 20 Jan 2023 14:43:01 +0000
::1 Fri, 20 Jan 2023 14:43:34 +0000
::1 Fri, 20 Jan 2023 14:43:35 +0000
::1 Fri, 20 Jan 2023 14:43:46 +0000
::1 Fri, 20 Jan 2023 14:43:47 +0000
::1 Fri, 20 Jan 2023 14:43:52 +0000
::1 Fri, 20 Jan 2023 14:43:53 +0000
::1 Fri, 20 Jan 2023 14:44:06 +0000
::1 Fri, 20 Jan 2023 14:46:44 +0000
::1 Fri, 20 Jan 2023 14:46:47 +0000
::1 Fri, 20 Jan 2023 14:48:38 +0000
::1 Fri, 20 Jan 2023 14:48:44 +0000
::1 Fri, 20 Jan 2023 14:48:48 +0000
::1 Fri, 20 Jan 2023 14:48:49 +0000
::1 Fri, 20 Jan 2023 14:48:51 +0000
::1 Fri, 20 Jan 2023 14:48:57 +0000
::1 Fri, 20 Jan 2023 14:48:58 +0000
::1 Fri, 20 Jan 2023 14:48:59 +0000
::1 Fri, 20 Jan 2023 14:49:15 +0000
::1 Fri, 20 Jan 2023 14:49:16 +0000
::1 Fri, 20 Jan 2023 14:49:22 +0000
::1 Fri, 20 Jan 2023 16:42:11 +0000
::1 Fri, 20 Jan 2023 17:01:11 +0000
::1 Fri, 20 Jan 2023 17:06:44 +0000
::1 Fri, 20 Jan 2023 17:06:48 +0000
::1 Fri, 20 Jan 2023 17:07:43 +0000
::1 Fri, 20 Jan 2023 17:07:44 +0000
::1 Fri, 20 Jan 2023 17:10:02 +0000
::1 Fri, 20 Jan 2023 17:17:24 +0000
::1 Fri, 20 Jan 2023 17:37:34 +0000
::1 Fri, 20 Jan 2023 17:39:18 +0000
::1 Fri, 20 Jan 2023 17:44:16 +0000
::1 Fri, 20 Jan 2023 18:14:55 +0000
::1 Fri, 20 Jan 2023 18:14:57 +0000
::1 Fri, 20 Jan 2023 18:18:13 +0000
::1 Fri, 20 Jan 2023 18:18:25 +0000
::1 Fri, 20 Jan 2023 18:18:45 +0000
::1 Fri, 20 Jan 2023 18:21:24 +0000
::1 Fri, 20 Jan 2023 18:21:25 +0000
::1 Fri, 20 Jan 2023 18:21:25 +0000
::1 Fri, 20 Jan 2023 18:21:52 +0000
::1 Fri, 20 Jan 2023 18:21:53 +0000
::1 Sat, 21 Jan 2023 01:23:37 +0000
::1 Sat, 21 Jan 2023 01:23:59 +0000
::1 Sat, 21 Jan 2023 01:25:27 +0000
::1 Sat, 21 Jan 2023 01:25:43 +0000
::1 Sat, 21 Jan 2023 01:27:13 +0000
::1 Sat, 21 Jan 2023 01:28:59 +0000
::1 Sat, 21 Jan 2023 01:31:19 +0000
::1 Sat, 21 Jan 2023 01:37:54 +0000
::1 Sat, 21 Jan 2023 01:37:57 +0000
::1 Sat, 21 Jan 2023 01:40:44 +0000
::1 Sat, 21 Jan 2023 01:41:24 +0000
::1 Sat, 21 Jan 2023 01:42:44 +0000
::1 Sat, 21 Jan 2023 01:47:31 +0000
::1 Sat, 21 Jan 2023 02:10:43 +0000
::1 Sat, 21 Jan 2023 02:10:55 +0000
::1 Sat, 21 Jan 2023 02:29:03 +0000
::1 Sat, 21 Jan 2023 02:30:44 +0000
::1 Sat, 21 Jan 2023 02:31:12 +0000
::1 Sat, 21 Jan 2023 15:24:31 +0000
::1 Sat, 21 Jan 2023 15:27:59 +0000
::1 Sat, 21 Jan 2023 15:28:34 +0000
::1 Sat, 21 Jan 2023 15:30:55 +0000
::1 Sat, 21 Jan 2023 15:33:59 +0000
::1 Sat, 21 Jan 2023 15:34:34 +0000
::1 Sat, 21 Jan 2023 16:06:26 +0000
::1 Sat, 21 Jan 2023 16:08:00 +0000
::1 Sat, 21 Jan 2023 16:08:41 +0000
::1 Sat, 21 Jan 2023 16:17:05 +0000
::1 Sat, 21 Jan 2023 16:19:37 +0000
::1 Sat, 21 Jan 2023 16:20:26 +0000
::1 Sat, 21 Jan 2023 16:25:12 +0000
::1 Sat, 21 Jan 2023 16:28:59 +0000
::1 Sat, 21 Jan 2023 16:29:27 +0000
::1 Sat, 21 Jan 2023 16:31:59 +0000
::1 Sun, 22 Jan 2023 21:09:36 +0000
::1 Sun, 22 Jan 2023 21:10:15 +0000
::1 Sun, 22 Jan 2023 21:10:46 +0000
::1 Mon, 23 Jan 2023 17:09:19 +0000
::1 Mon, 23 Jan 2023 17:14:57 +0000
::1 Mon, 23 Jan 2023 17:16:39 +0000
::1 Mon, 23 Jan 2023 17:56:16 +0000
::1 Mon, 23 Jan 2023 17:59:04 +0000
::1 Mon, 23 Jan 2023 18:00:38 +0000
::1 Mon, 23 Jan 2023 18:00:42 +0000
::1 Mon, 23 Jan 2023 18:01:18 +0000
::1 Mon, 23 Jan 2023 18:02:22 +0000
::1 Mon, 23 Jan 2023 18:02:27 +0000
::1 Mon, 23 Jan 2023 18:03:17 +0000
::1 Mon, 23 Jan 2023 18:03:26 +0000
::1 Mon, 23 Jan 2023 18:04:49 +0000
::1 Mon, 23 Jan 2023 18:05:41 +0000
::1 Mon, 23 Jan 2023 18:05:44 +0000
::1 Mon, 23 Jan 2023 18:06:18 +0000
::1 Mon, 23 Jan 2023 18:06:25 +0000
::1 Mon, 23 Jan 2023 18:07:02 +0000
::1 Mon, 23 Jan 2023 18:07:40 +0000
::1 Mon, 23 Jan 2023 18:08:04 +0000
::1 Mon, 23 Jan 2023 18:08:17 +0000
::1 Mon, 23 Jan 2023 18:08:45 +0000
::1 Mon, 23 Jan 2023 18:10:13 +0000
::1 Mon, 23 Jan 2023 18:34:13 +0000
::1 Mon, 23 Jan 2023 19:59:01 +0000
::1 Tue, 24 Jan 2023 01:04:16 +0000
::1 Tue, 24 Jan 2023 01:15:54 +0000
::1 Tue, 24 Jan 2023 02:14:09 +0000
::1 Tue, 24 Jan 2023 02:14:14 +0000
::1 Tue, 24 Jan 2023 02:22:16 +0000
::1 Tue, 24 Jan 2023 02:27:25 +0000
::1 Tue, 24 Jan 2023 03:30:07 +0000
::1 Tue, 24 Jan 2023 14:30:05 +0000
::1 Tue, 24 Jan 2023 14:32:59 +0000
::1 Tue, 24 Jan 2023 16:36:53 +0000
::1 Tue, 24 Jan 2023 16:41:33 +0000
::1 Tue, 24 Jan 2023 16:50:23 +0000
::1 Tue, 24 Jan 2023 16:50:26 +0000
::1 Tue, 24 Jan 2023 16:54:05 +0000
::1 Tue, 24 Jan 2023 16:56:22 +0000
::1 Tue, 24 Jan 2023 17:01:16 +0000
::1 Tue, 24 Jan 2023 17:56:07 +0000
::1 Tue, 24 Jan 2023 17:56:38 +0000
::1 Tue, 24 Jan 2023 20:06:44 +0000
::1 Tue, 24 Jan 2023 20:18:25 +0000
::1 Wed, 25 Jan 2023 00:38:16 +0000
::1 Wed, 25 Jan 2023 01:27:44 +0000
::1 Wed, 25 Jan 2023 01:31:11 +0000
::1 Wed, 25 Jan 2023 01:49:46 +0000
::1 Wed, 25 Jan 2023 02:05:53 +0000
::1 Wed, 25 Jan 2023 03:40:06 +0000
::1 Wed, 25 Jan 2023 14:15:40 +0000
::1 Wed, 25 Jan 2023 14:15:53 +0000
::1 Wed, 25 Jan 2023 14:16:50 +0000
::1 Wed, 25 Jan 2023 14:17:36 +0000
::1 Wed, 25 Jan 2023 14:58:14 +0000
::1 Wed, 25 Jan 2023 15:08:12 +0000
::1 Wed, 25 Jan 2023 15:08:17 +0000
::1 Wed, 25 Jan 2023 15:27:49 +0000
::1 Wed, 25 Jan 2023 16:48:49 +0000
::1 Wed, 25 Jan 2023 17:34:32 +0000
::1 Wed, 25 Jan 2023 17:34:44 +0000
::1 Wed, 25 Jan 2023 17:40:02 +0000
::1 Wed, 25 Jan 2023 21:03:09 +0000
::1 Wed, 25 Jan 2023 21:32:51 +0000
::1 Wed, 25 Jan 2023 21:36:20 +0000
::1 Wed, 25 Jan 2023 21:36:55 +0000
::1 Wed, 25 Jan 2023 22:35:06 +0000
::1 Wed, 25 Jan 2023 23:47:56 +0000
::1 Thu, 26 Jan 2023 00:06:33 +0000
::1 Thu, 26 Jan 2023 00:20:03 +0000
::1 Thu, 26 Jan 2023 00:20:10 +0000
::1 Thu, 26 Jan 2023 00:37:35 +0000
::1 Thu, 26 Jan 2023 01:04:47 +0000
::1 Thu, 26 Jan 2023 01:32:20 +0000
::1 Thu, 26 Jan 2023 04:46:44 +0000
::1 Thu, 26 Jan 2023 05:07:50 +0000
::1 Thu, 26 Jan 2023 12:27:06 +0000
::1 Thu, 26 Jan 2023 14:27:43 +0000
::1 Thu, 26 Jan 2023 15:05:40 +0000
::1 Thu, 26 Jan 2023 15:11:01 +0000
::1 Thu, 26 Jan 2023 15:18:21 +0000
::1 Thu, 26 Jan 2023 15:39:49 +0000
::1 Thu, 26 Jan 2023 15:41:42 +0000
::1 Thu, 26 Jan 2023 15:43:01 +0000
::1 Thu, 26 Jan 2023 15:44:25 +0000
::1 Thu, 26 Jan 2023 15:45:17 +0000
::1 Thu, 26 Jan 2023 15:47:13 +0000
::1 Thu, 26 Jan 2023 15:48:41 +0000
::1 Thu, 26 Jan 2023 15:51:28 +0000
::1 Thu, 26 Jan 2023 15:55:33 +0000
::1 Thu, 26 Jan 2023 16:20:41 +0000
::1 Thu, 26 Jan 2023 16:22:36 +0000
::1 Thu, 26 Jan 2023 17:36:15 +0000
::1 Thu, 26 Jan 2023 19:05:21 +0000
::1 Thu, 26 Jan 2023 19:05:43 +0000
::1 Thu, 26 Jan 2023 19:23:19 +0000
::1 Thu, 26 Jan 2023 19:33:17 +0000
::1 Thu, 26 Jan 2023 19:38:19 +0000
::1 Thu, 26 Jan 2023 19:45:41 +0000
::1 Thu, 26 Jan 2023 19:58:16 +0000
::1 Thu, 26 Jan 2023 19:59:11 +0000
::1 Thu, 26 Jan 2023 20:49:04 +0000
::1 Thu, 26 Jan 2023 21:19:21 +0000
::1 Thu, 26 Jan 2023 21:30:26 +0000
::1 Thu, 26 Jan 2023 22:12:13 +0000
::1 Thu, 26 Jan 2023 22:51:00 +0000
::1 Thu, 26 Jan 2023 23:15:40 +0000
::1 Thu, 26 Jan 2023 23:17:01 +0000
::1 Fri, 27 Jan 2023 00:24:58 +0000
::1 Fri, 27 Jan 2023 00:26:09 +0000
::1 Fri, 27 Jan 2023 00:26:43 +0000
::1 Fri, 27 Jan 2023 00:28:45 +0000
::1 Fri, 27 Jan 2023 00:32:42 +0000
::1 Fri, 27 Jan 2023 00:33:39 +0000
::1 Fri, 27 Jan 2023 00:35:50 +0000
::1 Fri, 27 Jan 2023 00:36:16 +0000
::1 Fri, 27 Jan 2023 00:37:20 +0000
::1 Fri, 27 Jan 2023 00:45:17 +0000
::1 Fri, 27 Jan 2023 00:45:43 +0000
::1 Fri, 27 Jan 2023 01:53:52 +0000
::1 Fri, 27 Jan 2023 13:29:25 +0000
::1 Fri, 27 Jan 2023 13:30:53 +0000
::1 Fri, 27 Jan 2023 13:31:12 +0000
::1 Fri, 27 Jan 2023 13:44:47 +0000
::1 Fri, 27 Jan 2023 13:45:05 +0000
::1 Fri, 27 Jan 2023 13:45:18 +0000
::1 Fri, 27 Jan 2023 13:45:19 +0000
::1 Fri, 27 Jan 2023 13:45:24 +0000
::1 Fri, 27 Jan 2023 13:46:22 +0000
::1 Fri, 27 Jan 2023 13:46:41 +0000
::1 Fri, 27 Jan 2023 13:48:39 +0000
::1 Fri, 27 Jan 2023 13:52:22 +0000
::1 Fri, 27 Jan 2023 16:08:28 +0000
::1 Fri, 27 Jan 2023 16:08:49 +0000
::1 Fri, 27 Jan 2023 17:16:36 +0000
::1 Fri, 27 Jan 2023 17:16:41 +0000
::1 Fri, 27 Jan 2023 17:58:40 +0000
::1 Fri, 27 Jan 2023 19:48:57 +0000
::1 Fri, 27 Jan 2023 19:49:07 +0000
::1 Fri, 27 Jan 2023 20:46:54 +0000
::1 Fri, 27 Jan 2023 23:46:50 +0000
::1 Sat, 28 Jan 2023 04:31:14 +0000
::1 Sat, 28 Jan 2023 04:31:24 +0000
::1 Sat, 28 Jan 2023 04:31:59 +0000
::1 Sat, 28 Jan 2023 04:32:07 +0000
::1 Sat, 28 Jan 2023 04:34:14 +0000
::1 Sat, 28 Jan 2023 04:34:23 +0000
::1 Sat, 28 Jan 2023 04:39:25 +0000
::1 Sat, 28 Jan 2023 04:51:23 +0000
::1 Sat, 28 Jan 2023 05:00:44 +0000
::1 Sat, 28 Jan 2023 05:05:54 +0000
::1 Sat, 28 Jan 2023 05:19:19 +0000
::1 Sat, 28 Jan 2023 05:45:46 +0000
::1 Sat, 28 Jan 2023 05:46:36 +0000
::1 Sat, 28 Jan 2023 05:47:39 +0000
::1 Sat, 28 Jan 2023 05:49:52 +0000
::1 Sat, 28 Jan 2023 05:54:03 +0000
::1 Sat, 28 Jan 2023 16:04:28 +0000
::1 Sat, 28 Jan 2023 16:07:21 +0000
::1 Sat, 28 Jan 2023 16:26:43 +0000
::1 Sat, 28 Jan 2023 16:29:33 +0000
::1 Sat, 28 Jan 2023 16:34:42 +0000
::1 Sat, 28 Jan 2023 16:41:23 +0000
::1 Sat, 28 Jan 2023 16:44:12 +0000
::1 Sun, 29 Jan 2023 05:57:01 +0000
::1 Mon, 30 Jan 2023 14:03:51 +0000
::1 Mon, 30 Jan 2023 14:05:42 +0000
::1 Mon, 30 Jan 2023 14:05:42 +0000
::1 Mon, 30 Jan 2023 14:05:43 +0000
